<?xml version="1.0" encoding="UTF-8" ?>
<testsuite tests="2" failures="2" name="example.hibernate.CadastroDeEscolaTest" time="3.149" errors="0" skipped="0">
  <properties>
[...]
</properties>
  <testcase classname="example.hibernate.CadastroDeEscolaTest" name="testMain" time="0.387">
    <failure message="The test case is a prototype." type="junit.framework.AssertionFailedError">junit.framework.AssertionFailedError: The test case is a prototype.
	at junit.framework.Assert.fail(Assert.java:47)
	at example.hibernate.CadastroDeEscolaTest.testMain(CadastroDeEscolaTest.java:46)
</failure>
    <system-out>main
</system-out>
  </testcase>
  <testcase classname="example.hibernate.CadastroDeEscolaTest" name="testUpdateTabela" time="2.737">
    <failure message="The test case is a prototype." type="junit.framework.AssertionFailedError">junit.framework.AssertionFailedError: The test case is a prototype.
	at junit.framework.Assert.fail(Assert.java:47)
	at example.hibernate.CadastroDeEscolaTest.testUpdateTabela(CadastroDeEscolaTest.java:35)
</failure>
    <system-out>updateTabela
Hibernate: 
    drop table if exists escola
Hibernate: 
    drop table if exists escola
Hibernate: 
    create table escola (
        id integer not null,
        cnpj varchar(255),
        endereco varchar(255),
        nome varchar(255),
        telefone varchar(255),
        primary key (id)
    )
Hibernate: 
    create table escola (
        id integer not null,
        cnpj varchar(255),
        endereco varchar(255),
        nome varchar(255),
        telefone varchar(255),
        primary key (id)
    )
Hibernate: 
    select
        this_.id as id1_0_0_,
        this_.cnpj as cnpj2_0_0_,
        this_.endereco as endereco3_0_0_,
        this_.nome as nome4_0_0_,
        this_.telefone as telefone5_0_0_ 
    from
        escola this_
Hibernate: 
    select
        this_.id as id1_0_0_,
        this_.cnpj as cnpj2_0_0_,
        this_.endereco as endereco3_0_0_,
        this_.nome as nome4_0_0_,
        this_.telefone as telefone5_0_0_ 
    from
        escola this_
</system-out>
    <system-err>nov 19, 2016 1:31:25 PM org.hibernate.annotations.common.Version &lt;clinit&gt;
INFO: HCANN000001: Hibernate Commons Annotations {4.0.1.Final}
nov 19, 2016 1:31:25 PM org.hibernate.Version logVersion
INFO: HHH000412: Hibernate Core {4.1.12.Final}
nov 19, 2016 1:31:25 PM org.hibernate.cfg.Environment &lt;clinit&gt;
INFO: HHH000206: hibernate.properties not found
nov 19, 2016 1:31:25 PM org.hibernate.cfg.Environment buildBytecodeProvider
INFO: HHH000021: Bytecode provider name : javassist
nov 19, 2016 1:31:25 PM org.hibernate.cfg.Configuration configure
INFO: HHH000043: Configuring from resource: /hibernate.cfg.xml
nov 19, 2016 1:31:25 PM org.hibernate.cfg.Configuration configure
INFO: HHH000043: Configuring from resource: /hibernate.cfg.xml
nov 19, 2016 1:31:25 PM org.hibernate.cfg.Configuration getConfigurationInputStream
INFO: HHH000040: Configuration resource: /hibernate.cfg.xml
nov 19, 2016 1:31:25 PM org.hibernate.cfg.Configuration getConfigurationInputStream
INFO: HHH000040: Configuration resource: /hibernate.cfg.xml
nov 19, 2016 1:31:25 PM org.hibernate.internal.util.xml.DTDEntityResolver resolveEntity
WARN: HHH000223: Recognized obsolete hibernate namespace http://hibernate.sourceforge.net/. Use namespace http://www.hibernate.org/dtd/ instead. Refer to Hibernate 3.6 Migration Guide!
nov 19, 2016 1:31:25 PM org.hibernate.internal.util.xml.DTDEntityResolver resolveEntity
WARN: HHH000223: Recognized obsolete hibernate namespace http://hibernate.sourceforge.net/. Use namespace http://www.hibernate.org/dtd/ instead. Refer to Hibernate 3.6 Migration Guide!
nov 19, 2016 1:31:25 PM org.hibernate.cfg.Configuration doConfigure
INFO: HHH000041: Configured SessionFactory: null
nov 19, 2016 1:31:25 PM org.hibernate.cfg.Configuration doConfigure
INFO: HHH000041: Configured SessionFactory: null
nov 19, 2016 1:31:25 PM org.hibernate.service.jdbc.connections.internal.DriverManagerConnectionProviderImpl configure
INFO: HHH000402: Using Hibernate built-in connection pool (not for production use!)
nov 19, 2016 1:31:25 PM org.hibernate.service.jdbc.connections.internal.DriverManagerConnectionProviderImpl configure
INFO: HHH000402: Using Hibernate built-in connection pool (not for production use!)
nov 19, 2016 1:31:25 PM org.hibernate.service.jdbc.connections.internal.DriverManagerConnectionProviderImpl configure
INFO: HHH000115: Hibernate connection pool size: 1
nov 19, 2016 1:31:25 PM org.hibernate.service.jdbc.connections.internal.DriverManagerConnectionProviderImpl configure
INFO: HHH000115: Hibernate connection pool size: 1
nov 19, 2016 1:31:25 PM org.hibernate.service.jdbc.connections.internal.DriverManagerConnectionProviderImpl configure
INFO: HHH000006: Autocommit mode: false
nov 19, 2016 1:31:25 PM org.hibernate.service.jdbc.connections.internal.DriverManagerConnectionProviderImpl configure
INFO: HHH000006: Autocommit mode: false
nov 19, 2016 1:31:25 PM org.hibernate.service.jdbc.connections.internal.DriverManagerConnectionProviderImpl configure
INFO: HHH000401: using driver [org.sqlite.JDBC] at URL [jdbc:sqlite:mydb.db]
nov 19, 2016 1:31:25 PM org.hibernate.service.jdbc.connections.internal.DriverManagerConnectionProviderImpl configure
INFO: HHH000401: using driver [org.sqlite.JDBC] at URL [jdbc:sqlite:mydb.db]
nov 19, 2016 1:31:25 PM org.hibernate.service.jdbc.connections.internal.DriverManagerConnectionProviderImpl configure
INFO: HHH000046: Connection properties: {user=, password=****}
nov 19, 2016 1:31:25 PM org.hibernate.service.jdbc.connections.internal.DriverManagerConnectionProviderImpl configure
INFO: HHH000046: Connection properties: {user=, password=****}
nov 19, 2016 1:31:26 PM org.hibernate.dialect.Dialect &lt;init&gt;
INFO: HHH000400: Using dialect: org.hibernate.dialect.SQLiteDialect
nov 19, 2016 1:31:26 PM org.hibernate.dialect.Dialect &lt;init&gt;
INFO: HHH000400: Using dialect: org.hibernate.dialect.SQLiteDialect
nov 19, 2016 1:31:26 PM org.hibernate.engine.jdbc.internal.LobCreatorBuilder useContextualLobCreation
INFO: HHH000423: Disabling contextual LOB creation as JDBC driver reported JDBC version [2] less than 4
nov 19, 2016 1:31:26 PM org.hibernate.engine.jdbc.internal.LobCreatorBuilder useContextualLobCreation
INFO: HHH000423: Disabling contextual LOB creation as JDBC driver reported JDBC version [2] less than 4
nov 19, 2016 1:31:26 PM org.hibernate.engine.transaction.internal.TransactionFactoryInitiator initiateService
INFO: HHH000399: Using default transaction strategy (direct JDBC transactions)
nov 19, 2016 1:31:26 PM org.hibernate.engine.transaction.internal.TransactionFactoryInitiator initiateService
INFO: HHH000399: Using default transaction strategy (direct JDBC transactions)
nov 19, 2016 1:31:26 PM org.hibernate.hql.internal.ast.ASTQueryTranslatorFactory &lt;init&gt;
INFO: HHH000397: Using ASTQueryTranslatorFactory
nov 19, 2016 1:31:26 PM org.hibernate.hql.internal.ast.ASTQueryTranslatorFactory &lt;init&gt;
INFO: HHH000397: Using ASTQueryTranslatorFactory
nov 19, 2016 1:31:26 PM org.hibernate.tool.hbm2ddl.SchemaExport execute
INFO: HHH000227: Running hbm2ddl schema export
nov 19, 2016 1:31:26 PM org.hibernate.tool.hbm2ddl.SchemaExport execute
INFO: HHH000227: Running hbm2ddl schema export
nov 19, 2016 1:31:26 PM org.hibernate.tool.hbm2ddl.SchemaExport execute
INFO: HHH000230: Schema export complete
nov 19, 2016 1:31:26 PM org.hibernate.tool.hbm2ddl.SchemaExport execute
INFO: HHH000230: Schema export complete
nov 19, 2016 1:31:26 PM example.hibernate.CadastroDeEscola updateTabela
GRAVE: null
org.hibernate.TransactionException: commit failed
	at org.hibernate.engine.transaction.spi.AbstractTransactionImpl.commit(AbstractTransactionImpl.java:185)
	at example.hibernate.persistencia.GenericDAO.listar(GenericDAO.java:62)
	at example.hibernate.CadastroDeEscola.updateTabela(CadastroDeEscola.java:319)
	at example.hibernate.CadastroDeEscola.&lt;init&gt;(CadastroDeEscola.java:30)
	at example.hibernate.CadastroDeEscola$9.run(CadastroDeEscola.java:369)
	at java.awt.event.InvocationEvent.dispatch(InvocationEvent.java:311)
	at java.awt.EventQueue.dispatchEventImpl(EventQueue.java:756)
	at java.awt.EventQueue.access$500(EventQueue.java:97)
	at java.awt.EventQueue$3.run(EventQueue.java:709)
	at java.awt.EventQueue$3.run(EventQueue.java:703)
	at java.security.AccessController.doPrivileged(Native Method)
	at java.security.ProtectionDomain$JavaSecurityAccessImpl.doIntersectionPrivilege(ProtectionDomain.java:76)
	at java.awt.EventQueue.dispatchEvent(EventQueue.java:726)
	at java.awt.EventDispatchThread.pumpOneEventForFilters(EventDispatchThread.java:201)
	at java.awt.EventDispatchThread.pumpEventsForFilter(EventDispatchThread.java:116)
	at java.awt.EventDispatchThread.pumpEventsForHierarchy(EventDispatchThread.java:105)
	at java.awt.EventDispatchThread.pumpEvents(EventDispatchThread.java:101)
	at java.awt.EventDispatchThread.pumpEvents(EventDispatchThread.java:93)
	at java.awt.EventDispatchThread.run(EventDispatchThread.java:82)
Caused by: org.hibernate.TransactionException: unable to commit against JDBC connection
	at org.hibernate.engine.transaction.internal.jdbc.JdbcTransaction.doCommit(JdbcTransaction.java:116)
	at org.hibernate.engine.transaction.spi.AbstractTransactionImpl.commit(AbstractTransactionImpl.java:178)
	... 18 more
Caused by: java.sql.SQLException: SQL logic error or missing database
	at org.sqlite.DB.throwex(DB.java:370)
	at org.sqlite.DB.exec(DB.java:76)
	at org.sqlite.Conn.commit(Conn.java:343)
	at org.hibernate.engine.transaction.internal.jdbc.JdbcTransaction.doCommit(JdbcTransaction.java:112)
	... 19 more

Exception in thread &quot;AWT-EventQueue-0&quot; java.lang.NullPointerException
	at example.hibernate.CadastroDeEscola.updateTabela(CadastroDeEscola.java:323)
	at example.hibernate.CadastroDeEscola.&lt;init&gt;(CadastroDeEscola.java:30)
	at example.hibernate.CadastroDeEscola$9.run(CadastroDeEscola.java:369)
	at java.awt.event.InvocationEvent.dispatch(InvocationEvent.java:311)
	at java.awt.EventQueue.dispatchEventImpl(EventQueue.java:756)
	at java.awt.EventQueue.access$500(EventQueue.java:97)
	at java.awt.EventQueue$3.run(EventQueue.java:709)
	at java.awt.EventQueue$3.run(EventQueue.java:703)
	at java.security.AccessController.doPrivileged(Native Method)
	at java.security.ProtectionDomain$JavaSecurityAccessImpl.doIntersectionPrivilege(ProtectionDomain.java:76)
	at java.awt.EventQueue.dispatchEvent(EventQueue.java:726)
	at java.awt.EventDispatchThread.pumpOneEventForFilters(EventDispatchThread.java:201)
	at java.awt.EventDispatchThread.pumpEventsForFilter(EventDispatchThread.java:116)
	at java.awt.EventDispatchThread.pumpEventsForHierarchy(EventDispatchThread.java:105)
	at java.awt.EventDispatchThread.pumpEvents(EventDispatchThread.java:101)
	at java.awt.EventDispatchThread.pumpEvents(EventDispatchThread.java:93)
	at java.awt.EventDispatchThread.run(EventDispatchThread.java:82)
nov 19, 2016 1:31:27 PM org.hibernate.cfg.Configuration configure
INFO: HHH000043: Configuring from resource: /hibernate.cfg.xml
nov 19, 2016 1:31:27 PM org.hibernate.cfg.Configuration getConfigurationInputStream
INFO: HHH000040: Configuration resource: /hibernate.cfg.xml
nov 19, 2016 1:31:27 PM org.hibernate.internal.util.xml.DTDEntityResolver resolveEntity
WARN: HHH000223: Recognized obsolete hibernate namespace http://hibernate.sourceforge.net/. Use namespace http://www.hibernate.org/dtd/ instead. Refer to Hibernate 3.6 Migration Guide!
nov 19, 2016 1:31:27 PM org.hibernate.cfg.Configuration doConfigure
INFO: HHH000041: Configured SessionFactory: null
</system-err>
  </testcase>
</testsuite>